<?xml version="1.0" encoding="UTF-8"?>
<testsuite name="com.aldwx.aldsdk.ExampleUnitTest" tests="1" skipped="0" failures="0" errors="0" timestamp="2022-11-02T07:46:20" hostname="nandeMacBook-Pro.local" time="0.001">
  <properties/>
  <testcase name="addition_isCorrect" classname="com.aldwx.aldsdk.ExampleUnitTest" time="0.001"/>
  <system-out><![CDATA[]]></system-out>
  <system-err><![CDATA[]]></system-err>
</testsuite>
